<?xml version="1.0" encoding="UTF-8"?>
<testsuite xmlns:xsi="http://www.w3.org/2001/XMLSchema-instance" xsi:noNamespaceSchemaLocation="https://maven.apache.org/surefire/maven-surefire-plugin/xsd/surefire-test-report-3.0.xsd" version="3.0" name="tests.model.TaskTest" time="0.001" tests="1" errors="0" skipped="0" failures="0">
  <properties>
    <property name="java.specification.version" value="17"/>
    <property name="sun.jnu.encoding" value="UTF-8"/>
    <property name="java.class.path" value="/Users/tefannastasa/Facultate/VVSS/01_Tasks/target/test-classes:/Users/tefannastasa/.m2/repository/org/junit/jupiter/junit-jupiter-engine/5.6.0/junit-jupiter-engine-5.6.0.jar:/Users/tefannastasa/.m2/repository/org/apiguardian/apiguardian-api/1.1.0/apiguardian-api-1.1.0.jar:/Users/tefannastasa/.m2/repository/org/junit/platform/junit-platform-engine/1.6.0/junit-platform-engine-1.6.0.jar:/Users/tefannastasa/.m2/repository/org/junit/jupiter/junit-jupiter-api/5.6.0/junit-jupiter-api-5.6.0.jar:/Users/tefannastasa/.m2/repository/org/opentest4j/opentest4j/1.2.0/opentest4j-1.2.0.jar:/Users/tefannastasa/.m2/repository/org/junit/platform/junit-platform-commons/1.6.0/junit-platform-commons-1.6.0.jar:/Users/tefannastasa/.m2/repository/org/junit/jupiter/junit-jupiter-params/5.6.0/junit-jupiter-params-5.6.0.jar:/Users/tefannastasa/.m2/repository/org/openjfx/javafx-base/14-ea+4/javafx-base-14-ea+4.jar:/Users/tefannastasa/.m2/repository/org/openjfx/javafx-graphics/14-ea+4/javafx-graphics-14-ea+4.jar:/Users/tefannastasa/.m2/repository/org/openjfx/javafx-controls/14-ea+4/javafx-controls-14-ea+4.jar:/Users/tefannastasa/.m2/repository/org/openjfx/javafx-fxml/14-ea+4/javafx-fxml-14-ea+4.jar:/Users/tefannastasa/.m2/repository/org/openjfx/javafx-media/14-ea+4/javafx-media-14-ea+4.jar:/Users/tefannastasa/.m2/repository/org/openjfx/javafx-swing/14-ea+4/javafx-swing-14-ea+4.jar:/Users/tefannastasa/.m2/repository/org/openjfx/javafx-web/14-ea+4/javafx-web-14-ea+4.jar:/Users/tefannastasa/.m2/repository/org/mockito/mockito-core/2.23.0/mockito-core-2.23.0.jar:/Users/tefannastasa/.m2/repository/net/bytebuddy/byte-buddy/1.9.0/byte-buddy-1.9.0.jar:/Users/tefannastasa/.m2/repository/net/bytebuddy/byte-buddy-agent/1.9.0/byte-buddy-agent-1.9.0.jar:/Users/tefannastasa/.m2/repository/org/objenesis/objenesis/2.6/objenesis-2.6.jar:/Users/tefannastasa/.m2/repository/org/mockito/mockito-junit-jupiter/2.23.0/mockito-junit-jupiter-2.23.0.jar:"/>
    <property name="java.vm.vendor" value="Amazon.com Inc."/>
    <property name="sun.arch.data.model" value="64"/>
    <property name="java.vendor.url" value="https://aws.amazon.com/corretto/"/>
    <property name="user.timezone" value="Europe/Bucharest"/>
    <property name="os.name" value="Mac OS X"/>
    <property name="java.vm.specification.version" value="17"/>
    <property name="sun.java.launcher" value="SUN_STANDARD"/>
    <property name="user.country" value="US"/>
    <property name="sun.boot.library.path" value="/Users/tefannastasa/Library/Java/JavaVirtualMachines/corretto-17.0.10/Contents/Home/lib"/>
    <property name="sun.java.command" value="org.apache.maven.surefire.booter.ForkedBooter /Users/tefannastasa/Facultate/VVSS/01_Tasks/target/surefire 2024-04-26T14-53-10_630-jvmRun1 surefire-20240426145310731_1tmp surefire_0-20240426145310731_2tmp"/>
    <property name="http.nonProxyHosts" value="local|*.local|169.254/16|*.169.254/16"/>
    <property name="jdk.debug" value="release"/>
    <property name="surefire.test.class.path" value="/Users/tefannastasa/Facultate/VVSS/01_Tasks/target/test-classes:/Users/tefannastasa/.m2/repository/org/junit/jupiter/junit-jupiter-engine/5.6.0/junit-jupiter-engine-5.6.0.jar:/Users/tefannastasa/.m2/repository/org/apiguardian/apiguardian-api/1.1.0/apiguardian-api-1.1.0.jar:/Users/tefannastasa/.m2/repository/org/junit/platform/junit-platform-engine/1.6.0/junit-platform-engine-1.6.0.jar:/Users/tefannastasa/.m2/repository/org/junit/jupiter/junit-jupiter-api/5.6.0/junit-jupiter-api-5.6.0.jar:/Users/tefannastasa/.m2/repository/org/opentest4j/opentest4j/1.2.0/opentest4j-1.2.0.jar:/Users/tefannastasa/.m2/repository/org/junit/platform/junit-platform-commons/1.6.0/junit-platform-commons-1.6.0.jar:/Users/tefannastasa/.m2/repository/org/junit/jupiter/junit-jupiter-params/5.6.0/junit-jupiter-params-5.6.0.jar:/Users/tefannastasa/.m2/repository/org/openjfx/javafx-base/14-ea+4/javafx-base-14-ea+4.jar:/Users/tefannastasa/.m2/repository/org/openjfx/javafx-graphics/14-ea+4/javafx-graphics-14-ea+4.jar:/Users/tefannastasa/.m2/repository/org/openjfx/javafx-controls/14-ea+4/javafx-controls-14-ea+4.jar:/Users/tefannastasa/.m2/repository/org/openjfx/javafx-fxml/14-ea+4/javafx-fxml-14-ea+4.jar:/Users/tefannastasa/.m2/repository/org/openjfx/javafx-media/14-ea+4/javafx-media-14-ea+4.jar:/Users/tefannastasa/.m2/repository/org/openjfx/javafx-swing/14-ea+4/javafx-swing-14-ea+4.jar:/Users/tefannastasa/.m2/repository/org/openjfx/javafx-web/14-ea+4/javafx-web-14-ea+4.jar:/Users/tefannastasa/.m2/repository/org/mockito/mockito-core/2.23.0/mockito-core-2.23.0.jar:/Users/tefannastasa/.m2/repository/net/bytebuddy/byte-buddy/1.9.0/byte-buddy-1.9.0.jar:/Users/tefannastasa/.m2/repository/net/bytebuddy/byte-buddy-agent/1.9.0/byte-buddy-agent-1.9.0.jar:/Users/tefannastasa/.m2/repository/org/objenesis/objenesis/2.6/objenesis-2.6.jar:/Users/tefannastasa/.m2/repository/org/mockito/mockito-junit-jupiter/2.23.0/mockito-junit-jupiter-2.23.0.jar:"/>
    <property name="sun.cpu.endian" value="little"/>
    <property name="user.home" value="/Users/tefannastasa"/>
    <property name="user.language" value="en"/>
    <property name="java.specification.vendor" value="Oracle Corporation"/>
    <property name="jdk.module.path" value="/Users/tefannastasa/Facultate/VVSS/01_Tasks/target/classes:/Users/tefannastasa/.m2/repository/org/openjfx/javafx-base/14-ea+4/javafx-base-14-ea+4-mac.jar:/Users/tefannastasa/.m2/repository/org/openjfx/javafx-graphics/14-ea+4/javafx-graphics-14-ea+4-mac.jar:/Users/tefannastasa/.m2/repository/org/openjfx/javafx-controls/14-ea+4/javafx-controls-14-ea+4-mac.jar:/Users/tefannastasa/.m2/repository/org/openjfx/javafx-fxml/14-ea+4/javafx-fxml-14-ea+4-mac.jar:/Users/tefannastasa/.m2/repository/org/openjfx/javafx-media/14-ea+4/javafx-media-14-ea+4-mac.jar:/Users/tefannastasa/.m2/repository/org/openjfx/javafx-swing/14-ea+4/javafx-swing-14-ea+4-mac.jar:/Users/tefannastasa/.m2/repository/org/openjfx/javafx-web/14-ea+4/javafx-web-14-ea+4-mac.jar:/Users/tefannastasa/.m2/repository/log4j/log4j/1.2.17/log4j-1.2.17.jar:/Users/tefannastasa/.m2/repository/org/controlsfx/controlsfx/11.0.1/controlsfx-11.0.1.jar"/>
    <property name="java.version.date" value="2024-01-16"/>
    <property name="java.home" value="/Users/tefannastasa/Library/Java/JavaVirtualMachines/corretto-17.0.10/Contents/Home"/>
    <property name="file.separator" value="/"/>
    <property name="basedir" value="/Users/tefannastasa/Facultate/VVSS/01_Tasks"/>
    <property name="java.vm.compressedOopsMode" value="Zero based"/>
    <property name="line.separator" value="&#10;"/>
    <property name="java.vm.specification.vendor" value="Oracle Corporation"/>
    <property name="java.specification.name" value="Java Platform API Specification"/>
    <property name="surefire.real.class.path" value="/Users/tefannastasa/.m2/repository/org/apache/maven/surefire/surefire-api/3.1.2/surefire-api-3.1.2.jar:/Users/tefannastasa/.m2/repository/org/apache/maven/surefire/surefire-booter/3.1.2/surefire-booter-3.1.2.jar:/Users/tefannastasa/.m2/repository/org/apache/maven/surefire/surefire-extensions-spi/3.1.2/surefire-extensions-spi-3.1.2.jar:/Users/tefannastasa/.m2/repository/org/apache/maven/surefire/surefire-logger-api/3.1.2/surefire-logger-api-3.1.2.jar:/Users/tefannastasa/.m2/repository/org/apache/maven/surefire/surefire-shared-utils/3.1.2/surefire-shared-utils-3.1.2.jar:/Users/tefannastasa/Facultate/VVSS/01_Tasks/target/test-classes:/Users/tefannastasa/.m2/repository/org/junit/jupiter/junit-jupiter-engine/5.6.0/junit-jupiter-engine-5.6.0.jar:/Users/tefannastasa/.m2/repository/org/apiguardian/apiguardian-api/1.1.0/apiguardian-api-1.1.0.jar:/Users/tefannastasa/.m2/repository/org/junit/platform/junit-platform-engine/1.6.0/junit-platform-engine-1.6.0.jar:/Users/tefannastasa/.m2/repository/org/junit/jupiter/junit-jupiter-api/5.6.0/junit-jupiter-api-5.6.0.jar:/Users/tefannastasa/.m2/repository/org/opentest4j/opentest4j/1.2.0/opentest4j-1.2.0.jar:/Users/tefannastasa/.m2/repository/org/junit/platform/junit-platform-commons/1.6.0/junit-platform-commons-1.6.0.jar:/Users/tefannastasa/.m2/repository/org/junit/jupiter/junit-jupiter-params/5.6.0/junit-jupiter-params-5.6.0.jar:/Users/tefannastasa/.m2/repository/org/openjfx/javafx-base/14-ea+4/javafx-base-14-ea+4.jar:/Users/tefannastasa/.m2/repository/org/openjfx/javafx-graphics/14-ea+4/javafx-graphics-14-ea+4.jar:/Users/tefannastasa/.m2/repository/org/openjfx/javafx-controls/14-ea+4/javafx-controls-14-ea+4.jar:/Users/tefannastasa/.m2/repository/org/openjfx/javafx-fxml/14-ea+4/javafx-fxml-14-ea+4.jar:/Users/tefannastasa/.m2/repository/org/openjfx/javafx-media/14-ea+4/javafx-media-14-ea+4.jar:/Users/tefannastasa/.m2/repository/org/openjfx/javafx-swing/14-ea+4/javafx-swing-14-ea+4.jar:/Users/tefannastasa/.m2/repository/org/openjfx/javafx-web/14-ea+4/javafx-web-14-ea+4.jar:/Users/tefannastasa/.m2/repository/org/mockito/mockito-core/2.23.0/mockito-core-2.23.0.jar:/Users/tefannastasa/.m2/repository/net/bytebuddy/byte-buddy/1.9.0/byte-buddy-1.9.0.jar:/Users/tefannastasa/.m2/repository/net/bytebuddy/byte-buddy-agent/1.9.0/byte-buddy-agent-1.9.0.jar:/Users/tefannastasa/.m2/repository/org/objenesis/objenesis/2.6/objenesis-2.6.jar:/Users/tefannastasa/.m2/repository/org/mockito/mockito-junit-jupiter/2.23.0/mockito-junit-jupiter-2.23.0.jar:/Users/tefannastasa/.m2/repository/org/apache/maven/surefire/surefire-junit-platform/3.1.2/surefire-junit-platform-3.1.2.jar:/Users/tefannastasa/.m2/repository/org/apache/maven/surefire/common-java5/3.1.2/common-java5-3.1.2.jar:/Users/tefannastasa/.m2/repository/org/junit/platform/junit-platform-launcher/1.6.0/junit-platform-launcher-1.6.0.jar"/>
    <property name="sun.management.compiler" value="HotSpot 64-Bit Tiered Compilers"/>
    <property name="ftp.nonProxyHosts" value="local|*.local|169.254/16|*.169.254/16"/>
    <property name="java.runtime.version" value="17.0.10+7-LTS"/>
    <property name="user.name" value="tefannastasa"/>
    <property name="path.separator" value=":"/>
    <property name="os.version" value="14.4.1"/>
    <property name="java.runtime.name" value="OpenJDK Runtime Environment"/>
    <property name="file.encoding" value="UTF-8"/>
    <property name="java.vm.name" value="OpenJDK 64-Bit Server VM"/>
    <property name="java.vendor.version" value="Corretto-17.0.10.7.1"/>
    <property name="localRepository" value="/Users/tefannastasa/.m2/repository"/>
    <property name="java.vendor.url.bug" value="https://github.com/corretto/corretto-17/issues/"/>
    <property name="java.io.tmpdir" value="/var/folders/jg/28vl91r97h34yywg7sj8sfdh0000gn/T/"/>
    <property name="idea.version" value="2023.3.4"/>
    <property name="java.version" value="17.0.10"/>
    <property name="user.dir" value="/Users/tefannastasa/Facultate/VVSS/01_Tasks"/>
    <property name="os.arch" value="aarch64"/>
    <property name="java.vm.specification.name" value="Java Virtual Machine Specification"/>
    <property name="native.encoding" value="UTF-8"/>
    <property name="java.library.path" value="/Users/tefannastasa/Library/Java/Extensions:/Library/Java/Extensions:/Network/Library/Java/Extensions:/System/Library/Java/Extensions:/usr/lib/java:."/>
    <property name="java.vm.info" value="mixed mode"/>
    <property name="java.vendor" value="Amazon.com Inc."/>
    <property name="java.vm.version" value="17.0.10+7-LTS"/>
    <property name="sun.io.unicode.encoding" value="UnicodeBig"/>
    <property name="socksNonProxyHosts" value="local|*.local|169.254/16|*.169.254/16"/>
    <property name="java.class.version" value="61.0"/>
  </properties>
  <testcase name="testTaskCreation" classname="tests.model.TaskTest" time="0.001">
    <system-out><![CDATA[2023-02-12 10:10
2023-02-12 10:10
]]></system-out>
  </testcase>
</testsuite>